2017-10-09 18:07:19 | [INFO]    | Discordia 2.1.0
2017-10-09 18:07:19 | [INFO]    | Connecting to Discord...
2017-10-09 18:07:19 | [ERROR]   | 401 - UNAUTHORIZED : GET https://discordapp.com/api/v7/users/@me
2017-10-09 18:07:19 | [ERROR]   | Could not authenticate, check token: HTTP Error 0 : 401: Unauthorized
2017-10-09 18:08:04 | [INFO]    | Discordia 2.1.0
2017-10-09 18:08:04 | [INFO]    | Connecting to Discord...
2017-10-09 18:08:04 | [ERROR]   | 401 - UNAUTHORIZED : GET https://discordapp.com/api/v7/users/@me
2017-10-09 18:08:04 | [ERROR]   | Could not authenticate, check token: HTTP Error 0 : 401: Unauthorized
2017-10-09 18:11:12 | [INFO]    | Discordia 2.1.0
2017-10-09 18:11:12 | [INFO]    | Connecting to Discord...
2017-10-09 18:11:12 | [ERROR]   | 401 - UNAUTHORIZED : GET https://discordapp.com/api/v7/users/@me
2017-10-09 18:11:12 | [ERROR]   | Could not authenticate, check token: HTTP Error 0 : 401: Unauthorized
2017-10-09 18:12:00 | [INFO]    | Discordia 2.1.0
2017-10-09 18:12:00 | [INFO]    | Connecting to Discord...
2017-10-09 18:12:01 | [INFO]    | Authenticated as Glitch Bot#7676
2017-10-09 18:12:01 | [INFO]    | Launching shard 0 (1 out of 1)...
2017-10-09 18:12:02 | [INFO]    | Shard 0 : Connected to wss://gateway.discord.gg
2017-10-09 18:12:02 | [INFO]    | Shard 0 : Received HELLO (gateway-prd-main-2b3f)
2017-10-09 18:12:02 | [INFO]    | Shard 0 : Received READY (gateway-prd-main-2b3f, discord-sessions-prd-1-2)
2017-10-09 21:38:12 | [INFO]    | Discordia 2.1.0
2017-10-09 21:38:12 | [INFO]    | Connecting to Discord...
2017-10-09 21:38:13 | [INFO]    | Authenticated as Glitch Bot#7676
2017-10-09 21:38:13 | [INFO]    | Launching shard 0 (1 out of 1)...
2017-10-09 21:38:14 | [INFO]    | Shard 0 : Connected to wss://gateway.discord.gg
2017-10-09 21:38:14 | [INFO]    | Shard 0 : Received HELLO (gateway-prd-main-71d4)
2017-10-09 21:38:14 | [INFO]    | Shard 0 : Received READY (gateway-prd-main-71d4, discord-sessions-prd-1-11)
2017-10-09 21:42:06 | [INFO]    | Discordia 2.1.0
2017-10-09 21:42:06 | [INFO]    | Connecting to Discord...
2017-10-09 21:42:06 | [INFO]    | Authenticated as Glitch Bot#7676
2017-10-09 21:42:06 | [INFO]    | Launching shard 0 (1 out of 1)...
2017-10-09 21:42:07 | [INFO]    | Shard 0 : Connected to wss://gateway.discord.gg
2017-10-09 21:42:07 | [INFO]    | Shard 0 : Received HELLO (gateway-prd-main-gjm5)
2017-10-09 21:42:07 | [INFO]    | Shard 0 : Received READY (gateway-prd-main-gjm5, discord-sessions-prd-1-1)
2017-10-09 21:43:15 | [INFO]    | Discordia 2.1.0
2017-10-09 21:43:15 | [INFO]    | Connecting to Discord...
2017-10-09 21:43:16 | [INFO]    | Authenticated as Glitch Bot#7676
2017-10-09 21:43:16 | [INFO]    | Launching shard 0 (1 out of 1)...
2017-10-09 21:43:16 | [INFO]    | Shard 0 : Connected to wss://gateway.discord.gg
2017-10-09 21:43:16 | [INFO]    | Shard 0 : Received HELLO (gateway-prd-main-2b3f)
2017-10-09 21:43:16 | [INFO]    | Shard 0 : Received READY (gateway-prd-main-2b3f, discord-sessions-prd-1-10)
2018-01-15 20:11:29 | [INFO]    | Discordia 2.1.0
2018-01-15 20:11:29 | [INFO]    | Connecting to Discord...
2018-01-15 20:11:31 | [INFO]    | Authenticated as Glitch Bot#7676
2018-01-15 20:11:31 | [INFO]    | Launching shard 0 (1 out of 1)...
2018-01-15 20:11:32 | [INFO]    | Shard 0 : Connected to wss://gateway.discord.gg
2018-01-15 20:11:32 | [INFO]    | Shard 0 : Received HELLO (gateway-prd-main-d1q7)
2018-01-15 20:11:33 | [INFO]    | Shard 0 : Received READY (gateway-prd-main-d1q7, discord-sessions-prd-1-4)
2018-01-15 20:12:06 | [INFO]    | Discordia 2.1.0
2018-01-15 20:12:06 | [INFO]    | Connecting to Discord...
2018-01-15 20:12:08 | [INFO]    | Authenticated as Glitch Bot#7676
2018-01-15 20:12:08 | [INFO]    | Launching shard 0 (1 out of 1)...
2018-01-15 20:12:08 | [INFO]    | Shard 0 : Connected to wss://gateway.discord.gg
2018-01-15 20:12:08 | [INFO]    | Shard 0 : Received HELLO (gateway-prd-main-gs4c)
2018-01-15 20:12:09 | [INFO]    | Shard 0 : Received READY (gateway-prd-main-gs4c, discord-sessions-prd-1-10)
2018-01-15 20:12:18 | [INFO]    | Discordia 2.1.0
2018-01-15 20:12:18 | [INFO]    | Connecting to Discord...
2018-01-15 20:12:19 | [INFO]    | Authenticated as Glitch Bot#7676
2018-01-15 20:12:19 | [INFO]    | Launching shard 0 (1 out of 1)...
2018-01-15 20:12:20 | [INFO]    | Shard 0 : Connected to wss://gateway.discord.gg
2018-01-15 20:12:20 | [INFO]    | Shard 0 : Received HELLO (gateway-prd-main-63k9)
2018-01-15 20:12:20 | [INFO]    | Shard 0 : Received READY (gateway-prd-main-63k9, discord-sessions-prd-1-16)
2018-01-15 20:16:42 | [INFO]    | Discordia 2.1.0
2018-01-15 20:16:42 | [INFO]    | Connecting to Discord...
2018-01-15 20:16:44 | [INFO]    | Authenticated as Glitch Bot#7676
2018-01-15 20:16:44 | [INFO]    | Launching shard 0 (1 out of 1)...
2018-01-15 20:16:45 | [INFO]    | Shard 0 : Connected to wss://gateway.discord.gg
2018-01-15 20:16:45 | [INFO]    | Shard 0 : Received HELLO (gateway-prd-main-d1q7)
2018-01-15 20:16:45 | [INFO]    | Shard 0 : Received READY (gateway-prd-main-d1q7, discord-sessions-prd-1-6)
2018-01-15 20:16:55 | [INFO]    | Discordia 2.1.0
2018-01-15 20:16:55 | [INFO]    | Connecting to Discord...
2018-01-15 20:16:55 | [INFO]    | Authenticated as Glitch Bot#7676
2018-01-15 20:16:55 | [INFO]    | Launching shard 0 (1 out of 1)...
2018-01-15 20:16:56 | [INFO]    | Shard 0 : Connected to wss://gateway.discord.gg
2018-01-15 20:16:56 | [INFO]    | Shard 0 : Received HELLO (gateway-prd-main-xhgl)
2018-01-15 20:16:56 | [INFO]    | Shard 0 : Received READY (gateway-prd-main-xhgl, discord-sessions-prd-1-12)
2018-01-15 20:17:13 | [INFO]    | Discordia 2.1.0
2018-01-15 20:17:13 | [INFO]    | Connecting to Discord...
2018-01-15 20:17:14 | [INFO]    | Authenticated as Glitch Bot#7676
2018-01-15 20:17:14 | [INFO]    | Launching shard 0 (1 out of 1)...
2018-01-15 20:17:15 | [INFO]    | Shard 0 : Connected to wss://gateway.discord.gg
2018-01-15 20:17:15 | [INFO]    | Shard 0 : Received HELLO (gateway-prd-main-7r4m)
2018-01-15 20:17:15 | [INFO]    | Shard 0 : Received READY (gateway-prd-main-7r4m, discord-sessions-prd-1-5)
2018-01-15 20:17:41 | [INFO]    | Discordia 2.1.0
2018-01-15 20:17:41 | [INFO]    | Connecting to Discord...
2018-01-15 20:17:42 | [INFO]    | Authenticated as Glitch Bot#7676
2018-01-15 20:17:42 | [INFO]    | Launching shard 0 (1 out of 1)...
2018-01-15 20:17:43 | [INFO]    | Shard 0 : Connected to wss://gateway.discord.gg
2018-01-15 20:17:43 | [INFO]    | Shard 0 : Received HELLO (gateway-prd-main-tzxn)
2018-01-15 20:17:43 | [INFO]    | Shard 0 : Received READY (gateway-prd-main-tzxn, discord-sessions-prd-1-4)
2018-01-15 20:18:08 | [INFO]    | Discordia 2.1.0
2018-01-15 20:18:08 | [INFO]    | Connecting to Discord...
2018-01-15 20:18:09 | [INFO]    | Authenticated as Glitch Bot#7676
2018-01-15 20:18:09 | [INFO]    | Launching shard 0 (1 out of 1)...
2018-01-15 20:18:09 | [INFO]    | Shard 0 : Connected to wss://gateway.discord.gg
2018-01-15 20:18:09 | [INFO]    | Shard 0 : Received HELLO (gateway-prd-main-fq0b)
2018-01-15 20:18:09 | [INFO]    | Shard 0 : Received READY (gateway-prd-main-fq0b, discord-sessions-prd-1-5)
2018-01-15 20:19:08 | [INFO]    | Discordia 2.1.0
2018-01-15 20:19:08 | [INFO]    | Connecting to Discord...
2018-01-15 20:19:09 | [INFO]    | Authenticated as Glitch Bot#7676
2018-01-15 20:19:09 | [INFO]    | Launching shard 0 (1 out of 1)...
2018-01-15 20:19:09 | [INFO]    | Shard 0 : Connected to wss://gateway.discord.gg
2018-01-15 20:19:09 | [INFO]    | Shard 0 : Received HELLO (gateway-prd-main-nxq9)
2018-01-15 20:19:10 | [INFO]    | Shard 0 : Received READY (gateway-prd-main-nxq9, discord-sessions-prd-1-15)
2018-01-15 20:19:39 | [INFO]    | Discordia 2.1.0
2018-01-15 20:19:39 | [INFO]    | Connecting to Discord...
2018-01-15 20:19:40 | [INFO]    | Authenticated as Glitch Bot#7676
2018-01-15 20:19:40 | [INFO]    | Launching shard 0 (1 out of 1)...
2018-01-15 20:19:41 | [INFO]    | Shard 0 : Connected to wss://gateway.discord.gg
2018-01-15 20:19:41 | [INFO]    | Shard 0 : Received HELLO (gateway-prd-main-nxq9)
2018-01-15 20:19:41 | [INFO]    | Shard 0 : Received READY (gateway-prd-main-nxq9, discord-sessions-prd-1-10)
2018-01-15 20:20:15 | [INFO]    | Discordia 2.1.0
2018-01-15 20:20:15 | [INFO]    | Connecting to Discord...
2018-01-15 20:20:15 | [INFO]    | Authenticated as Glitch Bot#7676
2018-01-15 20:20:15 | [INFO]    | Launching shard 0 (1 out of 1)...
2018-01-15 20:20:16 | [INFO]    | Shard 0 : Connected to wss://gateway.discord.gg
2018-01-15 20:20:16 | [INFO]    | Shard 0 : Received HELLO (gateway-prd-main-6455)
2018-01-15 20:20:16 | [INFO]    | Shard 0 : Received READY (gateway-prd-main-6455, discord-sessions-prd-1-11)
2018-01-15 20:20:35 | [INFO]    | Discordia 2.1.0
2018-01-15 20:20:35 | [INFO]    | Connecting to Discord...
2018-01-15 20:20:36 | [INFO]    | Authenticated as Glitch Bot#7676
2018-01-15 20:20:36 | [INFO]    | Launching shard 0 (1 out of 1)...
2018-01-15 20:20:37 | [INFO]    | Shard 0 : Connected to wss://gateway.discord.gg
2018-01-15 20:20:37 | [INFO]    | Shard 0 : Received HELLO (gateway-prd-main-j56h)
2018-01-15 20:20:37 | [INFO]    | Shard 0 : Received READY (gateway-prd-main-j56h, discord-sessions-prd-1-9)
2018-01-15 20:24:44 | [INFO]    | Discordia 2.1.0
2018-01-15 20:24:44 | [INFO]    | Connecting to Discord...
2018-01-15 20:24:45 | [INFO]    | Authenticated as Glitch Bot#7676
2018-01-15 20:24:45 | [INFO]    | Launching shard 0 (1 out of 1)...
2018-01-15 20:24:45 | [INFO]    | Shard 0 : Connected to wss://gateway.discord.gg
2018-01-15 20:24:45 | [INFO]    | Shard 0 : Received HELLO (gateway-prd-main-n2jt)
2018-01-15 20:24:46 | [INFO]    | Shard 0 : Received READY (gateway-prd-main-n2jt, discord-sessions-prd-1-4)
2018-01-15 20:25:32 | [INFO]    | Discordia 2.1.0
2018-01-15 20:25:32 | [INFO]    | Connecting to Discord...
2018-01-15 20:25:33 | [INFO]    | Authenticated as Glitch Bot#7676
2018-01-15 20:25:33 | [INFO]    | Launching shard 0 (1 out of 1)...
2018-01-15 20:25:33 | [INFO]    | Shard 0 : Connected to wss://gateway.discord.gg
2018-01-15 20:25:33 | [INFO]    | Shard 0 : Received HELLO (gateway-prd-main-7wk3)
2018-01-15 20:25:34 | [INFO]    | Shard 0 : Received READY (gateway-prd-main-7wk3, discord-sessions-prd-1-10)
2018-01-15 20:25:53 | [INFO]    | Discordia 2.1.0
2018-01-15 20:25:53 | [INFO]    | Connecting to Discord...
2018-01-15 20:25:54 | [INFO]    | Authenticated as Glitch Bot#7676
2018-01-15 20:25:54 | [INFO]    | Launching shard 0 (1 out of 1)...
2018-01-15 20:25:55 | [INFO]    | Shard 0 : Connected to wss://gateway.discord.gg
2018-01-15 20:25:55 | [INFO]    | Shard 0 : Received HELLO (gateway-prd-main-qpf9)
2018-01-15 20:25:55 | [INFO]    | Shard 0 : Received READY (gateway-prd-main-qpf9, discord-sessions-prd-1-13)
2018-01-15 20:27:02 | [INFO]    | Discordia 2.1.0
2018-01-15 20:27:02 | [INFO]    | Connecting to Discord...
2018-01-15 20:27:02 | [INFO]    | Authenticated as Glitch Bot#7676
2018-01-15 20:27:02 | [INFO]    | Launching shard 0 (1 out of 1)...
2018-01-15 20:27:04 | [INFO]    | Shard 0 : Connected to wss://gateway.discord.gg
2018-01-15 20:27:04 | [INFO]    | Shard 0 : Received HELLO (gateway-prd-main-jlqt)
2018-01-15 20:27:04 | [INFO]    | Shard 0 : Received READY (gateway-prd-main-jlqt, discord-sessions-prd-1-8)
2018-01-15 20:27:21 | [INFO]    | Discordia 2.1.0
2018-01-15 20:27:21 | [INFO]    | Connecting to Discord...
2018-01-15 20:27:21 | [INFO]    | Authenticated as Glitch Bot#7676
2018-01-15 20:27:21 | [INFO]    | Launching shard 0 (1 out of 1)...
2018-01-15 20:27:22 | [INFO]    | Shard 0 : Connected to wss://gateway.discord.gg
2018-01-15 20:27:22 | [INFO]    | Shard 0 : Received HELLO (gateway-prd-main-9gxq)
2018-01-15 20:27:23 | [INFO]    | Shard 0 : Received READY (gateway-prd-main-9gxq, discord-sessions-prd-1-10)
2018-01-15 20:35:30 | [INFO]    | Discordia 2.1.0
2018-01-15 20:35:30 | [INFO]    | Connecting to Discord...
2018-01-15 20:35:31 | [INFO]    | Authenticated as Glitch Bot#7676
2018-01-15 20:35:31 | [INFO]    | Launching shard 0 (1 out of 1)...
2018-01-15 20:35:32 | [INFO]    | Shard 0 : Connected to wss://gateway.discord.gg
2018-01-15 20:35:32 | [INFO]    | Shard 0 : Received HELLO (gateway-prd-main-dwrd)
2018-01-15 20:35:32 | [INFO]    | Shard 0 : Received READY (gateway-prd-main-dwrd, discord-sessions-prd-1-1)
2018-01-15 20:37:24 | [INFO]    | Discordia 2.1.0
2018-01-15 20:37:24 | [INFO]    | Connecting to Discord...
2018-01-15 20:37:25 | [INFO]    | Authenticated as Glitch Bot#7676
2018-01-15 20:37:25 | [INFO]    | Launching shard 0 (1 out of 1)...
2018-01-15 20:37:26 | [INFO]    | Shard 0 : Connected to wss://gateway.discord.gg
2018-01-15 20:37:26 | [INFO]    | Shard 0 : Received HELLO (gateway-prd-main-n2jt)
2018-01-15 20:37:26 | [INFO]    | Shard 0 : Received READY (gateway-prd-main-n2jt, discord-sessions-prd-1-2)
2018-01-15 20:43:36 | [INFO]    | Discordia 2.1.0
2018-01-15 20:43:36 | [INFO]    | Connecting to Discord...
2018-01-15 20:43:37 | [INFO]    | Authenticated as Glitch Bot#7676
2018-01-15 20:43:37 | [INFO]    | Launching shard 0 (1 out of 1)...
2018-01-15 20:43:37 | [INFO]    | Shard 0 : Connected to wss://gateway.discord.gg
2018-01-15 20:43:37 | [INFO]    | Shard 0 : Received HELLO (gateway-prd-main-xhgl)
2018-01-15 20:43:38 | [INFO]    | Shard 0 : Received READY (gateway-prd-main-xhgl, discord-sessions-prd-1-2)
2018-01-15 20:45:14 | [INFO]    | Discordia 2.1.0
2018-01-15 20:45:14 | [INFO]    | Connecting to Discord...
2018-01-15 20:45:15 | [INFO]    | Authenticated as Glitch Bot#7676
2018-01-15 20:45:15 | [INFO]    | Launching shard 0 (1 out of 1)...
2018-01-15 20:45:16 | [INFO]    | Shard 0 : Connected to wss://gateway.discord.gg
2018-01-15 20:45:16 | [INFO]    | Shard 0 : Received HELLO (gateway-prd-main-f3jp)
2018-01-15 20:45:16 | [INFO]    | Shard 0 : Received READY (gateway-prd-main-f3jp, discord-sessions-prd-1-2)
2018-01-15 20:46:11 | [INFO]    | Discordia 2.1.0
2018-01-15 20:46:11 | [INFO]    | Connecting to Discord...
2018-01-15 20:46:11 | [INFO]    | Authenticated as Glitch Bot#7676
2018-01-15 20:46:11 | [INFO]    | Launching shard 0 (1 out of 1)...
2018-01-15 20:46:12 | [INFO]    | Shard 0 : Connected to wss://gateway.discord.gg
2018-01-15 20:46:12 | [INFO]    | Shard 0 : Received HELLO (gateway-prd-main-9gxq)
2018-01-15 20:46:12 | [INFO]    | Shard 0 : Received READY (gateway-prd-main-9gxq, discord-sessions-prd-1-15)
2018-01-15 20:51:17 | [INFO]    | Discordia 2.1.0
2018-01-15 20:51:17 | [INFO]    | Connecting to Discord...
2018-01-15 20:51:18 | [INFO]    | Authenticated as Glitch Bot#7676
2018-01-15 20:51:18 | [INFO]    | Launching shard 0 (1 out of 1)...
2018-01-15 20:51:19 | [INFO]    | Shard 0 : Connected to wss://gateway.discord.gg
2018-01-15 20:51:19 | [INFO]    | Shard 0 : Received HELLO (gateway-prd-main-5dcn)
2018-01-15 20:51:19 | [INFO]    | Shard 0 : Received READY (gateway-prd-main-5dcn, discord-sessions-prd-1-4)
2018-01-15 20:52:45 | [INFO]    | Discordia 2.1.0
2018-01-15 20:52:45 | [INFO]    | Connecting to Discord...
2018-01-15 20:52:45 | [INFO]    | Authenticated as Glitch Bot#7676
2018-01-15 20:52:45 | [INFO]    | Launching shard 0 (1 out of 1)...
2018-01-15 20:52:46 | [INFO]    | Shard 0 : Connected to wss://gateway.discord.gg
2018-01-15 20:52:46 | [INFO]    | Shard 0 : Received HELLO (gateway-prd-main-fq0b)
2018-01-15 20:52:46 | [INFO]    | Shard 0 : Received READY (gateway-prd-main-fq0b, discord-sessions-prd-1-6)
2018-01-15 20:59:13 | [INFO]    | Discordia 2.1.0
2018-01-15 20:59:13 | [INFO]    | Connecting to Discord...
2018-01-15 20:59:13 | [INFO]    | Authenticated as Glitch Bot#7676
2018-01-15 20:59:13 | [INFO]    | Launching shard 0 (1 out of 1)...
2018-01-15 20:59:14 | [INFO]    | Shard 0 : Connected to wss://gateway.discord.gg
2018-01-15 20:59:14 | [INFO]    | Shard 0 : Received HELLO (gateway-prd-main-1fx3)
2018-01-15 20:59:15 | [INFO]    | Shard 0 : Received READY (gateway-prd-main-1fx3, discord-sessions-prd-1-1)
2018-01-15 21:03:26 | [INFO]    | Discordia 2.1.0
2018-01-15 21:03:26 | [INFO]    | Connecting to Discord...
2018-01-15 21:03:27 | [INFO]    | Authenticated as Glitch Bot#7676
2018-01-15 21:03:27 | [INFO]    | Launching shard 0 (1 out of 1)...
2018-01-15 21:03:29 | [INFO]    | Shard 0 : Connected to wss://gateway.discord.gg
2018-01-15 21:03:29 | [INFO]    | Shard 0 : Received HELLO (gateway-prd-main-c4qt)
2018-01-15 21:03:29 | [INFO]    | Shard 0 : Received READY (gateway-prd-main-c4qt, discord-sessions-prd-1-15)
2018-01-15 21:04:40 | [INFO]    | Discordia 2.1.0
2018-01-15 21:04:40 | [INFO]    | Connecting to Discord...
2018-01-15 21:04:41 | [INFO]    | Authenticated as Glitch Bot#7676
2018-01-15 21:04:41 | [INFO]    | Launching shard 0 (1 out of 1)...
2018-01-15 21:04:42 | [INFO]    | Shard 0 : Connected to wss://gateway.discord.gg
2018-01-15 21:04:42 | [INFO]    | Shard 0 : Received HELLO (gateway-prd-main-pw70)
2018-01-15 21:04:42 | [INFO]    | Shard 0 : Received READY (gateway-prd-main-pw70, discord-sessions-prd-1-5)
2018-01-15 21:06:23 | [INFO]    | Discordia 2.1.0
2018-01-15 21:06:23 | [INFO]    | Connecting to Discord...
2018-01-15 21:06:23 | [INFO]    | Authenticated as Glitch Bot#7676
2018-01-15 21:06:23 | [INFO]    | Launching shard 0 (1 out of 1)...
2018-01-15 21:06:24 | [INFO]    | Shard 0 : Connected to wss://gateway.discord.gg
2018-01-15 21:06:24 | [INFO]    | Shard 0 : Received HELLO (gateway-prd-main-b3r8)
2018-01-15 21:06:24 | [INFO]    | Shard 0 : Received READY (gateway-prd-main-b3r8, discord-sessions-prd-1-8)
2018-01-15 21:07:29 | [INFO]    | Discordia 2.1.0
2018-01-15 21:07:29 | [INFO]    | Connecting to Discord...
2018-01-15 21:07:30 | [INFO]    | Authenticated as Glitch Bot#7676
2018-01-15 21:07:30 | [INFO]    | Launching shard 0 (1 out of 1)...
2018-01-15 21:07:31 | [INFO]    | Shard 0 : Connected to wss://gateway.discord.gg
2018-01-15 21:07:31 | [INFO]    | Shard 0 : Received HELLO (gateway-prd-main-pr99)
2018-01-15 21:07:31 | [INFO]    | Shard 0 : Received READY (gateway-prd-main-pr99, discord-sessions-prd-1-15)
2018-01-15 21:08:32 | [INFO]    | Discordia 2.1.0
2018-01-15 21:08:32 | [INFO]    | Connecting to Discord...
2018-01-15 21:08:32 | [INFO]    | Authenticated as Glitch Bot#7676
2018-01-15 21:08:32 | [INFO]    | Launching shard 0 (1 out of 1)...
2018-01-15 21:08:33 | [INFO]    | Shard 0 : Connected to wss://gateway.discord.gg
2018-01-15 21:08:33 | [INFO]    | Shard 0 : Received HELLO (gateway-prd-main-kpnj)
2018-01-15 21:08:34 | [INFO]    | Shard 0 : Received READY (gateway-prd-main-kpnj, discord-sessions-prd-1-5)
2018-01-15 21:08:57 | [INFO]    | Discordia 2.1.0
2018-01-15 21:08:57 | [INFO]    | Connecting to Discord...
2018-01-15 21:08:58 | [INFO]    | Authenticated as Glitch Bot#7676
2018-01-15 21:08:58 | [INFO]    | Launching shard 0 (1 out of 1)...
2018-01-15 21:08:59 | [INFO]    | Shard 0 : Connected to wss://gateway.discord.gg
2018-01-15 21:08:59 | [INFO]    | Shard 0 : Received HELLO (gateway-prd-main-dwrd)
2018-01-15 21:08:59 | [INFO]    | Shard 0 : Received READY (gateway-prd-main-dwrd, discord-sessions-prd-1-7)
2018-01-15 21:10:02 | [INFO]    | Discordia 2.1.0
2018-01-15 21:10:02 | [INFO]    | Connecting to Discord...
2018-01-15 21:10:03 | [INFO]    | Authenticated as Glitch Bot#7676
2018-01-15 21:10:03 | [INFO]    | Launching shard 0 (1 out of 1)...
2018-01-15 21:10:04 | [INFO]    | Shard 0 : Connected to wss://gateway.discord.gg
2018-01-15 21:10:04 | [INFO]    | Shard 0 : Received HELLO (gateway-prd-main-9gxq)
2018-01-15 21:10:04 | [INFO]    | Shard 0 : Received READY (gateway-prd-main-9gxq, discord-sessions-prd-1-16)
2018-01-15 21:11:02 | [INFO]    | Discordia 2.1.0
2018-01-15 21:11:02 | [INFO]    | Connecting to Discord...
2018-01-15 21:11:03 | [INFO]    | Authenticated as Glitch Bot#7676
2018-01-15 21:11:03 | [INFO]    | Launching shard 0 (1 out of 1)...
2018-01-15 21:11:04 | [INFO]    | Shard 0 : Connected to wss://gateway.discord.gg
2018-01-15 21:11:04 | [INFO]    | Shard 0 : Received HELLO (gateway-prd-main-tkv9)
2018-01-15 21:11:04 | [INFO]    | Shard 0 : Received READY (gateway-prd-main-tkv9, discord-sessions-prd-1-13)
2018-01-15 21:13:01 | [INFO]    | Discordia 2.1.0
2018-01-15 21:13:01 | [INFO]    | Connecting to Discord...
2018-01-15 21:13:01 | [INFO]    | Authenticated as Glitch Bot#7676
2018-01-15 21:13:02 | [INFO]    | Launching shard 0 (1 out of 1)...
2018-01-15 21:13:02 | [INFO]    | Shard 0 : Connected to wss://gateway.discord.gg
2018-01-15 21:13:02 | [INFO]    | Shard 0 : Received HELLO (gateway-prd-main-9gxq)
2018-01-15 21:13:03 | [INFO]    | Shard 0 : Received READY (gateway-prd-main-9gxq, discord-sessions-prd-1-4)
2018-01-15 21:13:12 | [INFO]    | Discordia 2.1.0
2018-01-15 21:13:12 | [INFO]    | Connecting to Discord...
2018-01-15 21:13:12 | [INFO]    | Authenticated as Glitch Bot#7676
2018-01-15 21:13:12 | [INFO]    | Launching shard 0 (1 out of 1)...
2018-01-15 21:13:13 | [INFO]    | Shard 0 : Connected to wss://gateway.discord.gg
2018-01-15 21:13:13 | [INFO]    | Shard 0 : Received HELLO (gateway-prd-main-d1q7)
2018-01-15 21:13:13 | [INFO]    | Shard 0 : Received READY (gateway-prd-main-d1q7, discord-sessions-prd-1-13)
2018-01-15 21:13:38 | [INFO]    | Discordia 2.1.0
2018-01-15 21:13:38 | [INFO]    | Connecting to Discord...
2018-01-15 21:13:39 | [INFO]    | Authenticated as Glitch Bot#7676
2018-01-15 21:13:39 | [INFO]    | Launching shard 0 (1 out of 1)...
2018-01-15 21:13:39 | [INFO]    | Shard 0 : Connected to wss://gateway.discord.gg
2018-01-15 21:13:39 | [INFO]    | Shard 0 : Received HELLO (gateway-prd-main-5dq4)
2018-01-15 21:13:39 | [INFO]    | Shard 0 : Received READY (gateway-prd-main-5dq4, discord-sessions-prd-1-2)
2018-01-15 21:15:01 | [INFO]    | Discordia 2.1.0
2018-01-15 21:15:01 | [INFO]    | Connecting to Discord...
2018-01-15 21:15:02 | [INFO]    | Authenticated as Glitch Bot#7676
2018-01-15 21:15:02 | [INFO]    | Launching shard 0 (1 out of 1)...
2018-01-15 21:15:02 | [INFO]    | Shard 0 : Connected to wss://gateway.discord.gg
2018-01-15 21:15:02 | [INFO]    | Shard 0 : Received HELLO (gateway-prd-main-pr99)
2018-01-15 21:15:02 | [INFO]    | Shard 0 : Received READY (gateway-prd-main-pr99, discord-sessions-prd-1-11)
2018-01-15 21:15:31 | [INFO]    | Discordia 2.1.0
2018-01-15 21:15:31 | [INFO]    | Connecting to Discord...
2018-01-15 21:15:32 | [INFO]    | Authenticated as Glitch Bot#7676
2018-01-15 21:15:32 | [INFO]    | Launching shard 0 (1 out of 1)...
2018-01-15 21:15:32 | [INFO]    | Shard 0 : Connected to wss://gateway.discord.gg
2018-01-15 21:15:32 | [INFO]    | Shard 0 : Received HELLO (gateway-prd-main-7wk3)
2018-01-15 21:15:32 | [INFO]    | Shard 0 : Received READY (gateway-prd-main-7wk3, discord-sessions-prd-1-6)
2018-01-15 21:16:22 | [INFO]    | Discordia 2.1.0
2018-01-15 21:16:22 | [INFO]    | Connecting to Discord...
2018-01-15 21:16:22 | [INFO]    | Authenticated as Glitch Bot#7676
2018-01-15 21:16:22 | [INFO]    | Launching shard 0 (1 out of 1)...
2018-01-15 21:16:22 | [INFO]    | Shard 0 : Connected to wss://gateway.discord.gg
2018-01-15 21:16:22 | [INFO]    | Shard 0 : Received HELLO (gateway-prd-main-7wk3)
2018-01-15 21:16:23 | [INFO]    | Shard 0 : Received READY (gateway-prd-main-7wk3, discord-sessions-prd-1-16)
2018-01-15 21:17:44 | [INFO]    | Discordia 2.1.0
2018-01-15 21:17:44 | [INFO]    | Connecting to Discord...
2018-01-15 21:17:45 | [INFO]    | Authenticated as Glitch Bot#7676
2018-01-15 21:17:45 | [INFO]    | Launching shard 0 (1 out of 1)...
2018-01-15 21:17:45 | [INFO]    | Shard 0 : Connected to wss://gateway.discord.gg
2018-01-15 21:17:45 | [INFO]    | Shard 0 : Received HELLO (gateway-prd-main-1fx3)
2018-01-15 21:17:46 | [INFO]    | Shard 0 : Received READY (gateway-prd-main-1fx3, discord-sessions-prd-1-3)
2018-01-15 21:18:11 | [INFO]    | Discordia 2.1.0
2018-01-15 21:18:11 | [INFO]    | Connecting to Discord...
2018-01-15 21:18:12 | [INFO]    | Authenticated as Glitch Bot#7676
2018-01-15 21:18:12 | [INFO]    | Launching shard 0 (1 out of 1)...
2018-01-15 21:18:12 | [INFO]    | Shard 0 : Connected to wss://gateway.discord.gg
2018-01-15 21:18:12 | [INFO]    | Shard 0 : Received HELLO (gateway-prd-main-b3r8)
2018-01-15 21:18:13 | [INFO]    | Shard 0 : Received READY (gateway-prd-main-b3r8, discord-sessions-prd-1-6)
2018-01-15 21:18:36 | [INFO]    | Discordia 2.1.0
2018-01-15 21:18:36 | [INFO]    | Connecting to Discord...
2018-01-15 21:18:37 | [INFO]    | Authenticated as Glitch Bot#7676
2018-01-15 21:18:37 | [INFO]    | Launching shard 0 (1 out of 1)...
2018-01-15 21:18:37 | [INFO]    | Shard 0 : Connected to wss://gateway.discord.gg
2018-01-15 21:18:37 | [INFO]    | Shard 0 : Received HELLO (gateway-prd-main-1fx3)
2018-01-15 21:18:37 | [INFO]    | Shard 0 : Received READY (gateway-prd-main-1fx3, discord-sessions-prd-1-6)
2018-01-15 21:19:20 | [INFO]    | Discordia 2.1.0
2018-01-15 21:19:20 | [INFO]    | Connecting to Discord...
2018-01-15 21:19:21 | [INFO]    | Authenticated as Glitch Bot#7676
2018-01-15 21:19:21 | [INFO]    | Launching shard 0 (1 out of 1)...
2018-01-15 21:19:21 | [INFO]    | Shard 0 : Connected to wss://gateway.discord.gg
2018-01-15 21:19:21 | [INFO]    | Shard 0 : Received HELLO (gateway-prd-main-2pnb)
2018-01-15 21:19:21 | [INFO]    | Shard 0 : Received READY (gateway-prd-main-2pnb, discord-sessions-prd-1-2)
2018-01-15 21:19:48 | [INFO]    | Discordia 2.1.0
2018-01-15 21:19:48 | [INFO]    | Connecting to Discord...
2018-01-15 21:19:49 | [INFO]    | Authenticated as Glitch Bot#7676
2018-01-15 21:19:49 | [INFO]    | Launching shard 0 (1 out of 1)...
2018-01-15 21:19:49 | [INFO]    | Shard 0 : Connected to wss://gateway.discord.gg
2018-01-15 21:19:49 | [INFO]    | Shard 0 : Received HELLO (gateway-prd-main-2pnb)
2018-01-15 21:19:50 | [INFO]    | Shard 0 : Received READY (gateway-prd-main-2pnb, discord-sessions-prd-1-7)
2018-01-15 21:22:16 | [INFO]    | Discordia 2.1.0
2018-01-15 21:22:16 | [INFO]    | Connecting to Discord...
2018-01-15 21:22:17 | [INFO]    | Authenticated as Glitch Bot#7676
2018-01-15 21:22:17 | [INFO]    | Launching shard 0 (1 out of 1)...
2018-01-15 21:22:18 | [INFO]    | Shard 0 : Connected to wss://gateway.discord.gg
2018-01-15 21:22:18 | [INFO]    | Shard 0 : Received HELLO (gateway-prd-main-tkv9)
2018-01-15 21:22:18 | [INFO]    | Shard 0 : Received READY (gateway-prd-main-tkv9, discord-sessions-prd-1-2)
2018-01-15 21:36:13 | [INFO]    | Discordia 2.1.0
2018-01-15 21:36:13 | [INFO]    | Connecting to Discord...
2018-01-15 21:36:13 | [INFO]    | Authenticated as Glitch Bot#7676
2018-01-15 21:36:13 | [INFO]    | Launching shard 0 (1 out of 1)...
2018-01-15 21:36:15 | [INFO]    | Shard 0 : Connected to wss://gateway.discord.gg
2018-01-15 21:36:15 | [INFO]    | Shard 0 : Received HELLO (gateway-prd-main-rm69)
2018-01-15 21:36:15 | [INFO]    | Shard 0 : Received READY (gateway-prd-main-rm69, discord-sessions-prd-1-16)
2018-01-15 21:37:37 | [INFO]    | Discordia 2.1.0
2018-01-15 21:37:37 | [INFO]    | Connecting to Discord...
2018-01-15 21:37:38 | [INFO]    | Authenticated as Glitch Bot#7676
2018-01-15 21:37:38 | [INFO]    | Launching shard 0 (1 out of 1)...
2018-01-15 21:37:38 | [INFO]    | Shard 0 : Connected to wss://gateway.discord.gg
2018-01-15 21:37:38 | [INFO]    | Shard 0 : Received HELLO (gateway-prd-main-czgb)
2018-01-15 21:37:39 | [INFO]    | Shard 0 : Received READY (gateway-prd-main-czgb, discord-sessions-prd-1-1)
2018-01-15 21:37:55 | [INFO]    | Discordia 2.1.0
2018-01-15 21:37:55 | [INFO]    | Connecting to Discord...
2018-01-15 21:37:56 | [INFO]    | Authenticated as Glitch Bot#7676
2018-01-15 21:37:56 | [INFO]    | Launching shard 0 (1 out of 1)...
2018-01-15 21:37:57 | [INFO]    | Shard 0 : Connected to wss://gateway.discord.gg
2018-01-15 21:37:57 | [INFO]    | Shard 0 : Received HELLO (gateway-prd-main-dwrd)
2018-01-15 21:37:57 | [INFO]    | Shard 0 : Received READY (gateway-prd-main-dwrd, discord-sessions-prd-1-5)
2018-01-15 21:38:34 | [INFO]    | Discordia 2.1.0
2018-01-15 21:38:34 | [INFO]    | Connecting to Discord...
2018-01-15 21:38:34 | [INFO]    | Authenticated as Glitch Bot#7676
2018-01-15 21:38:34 | [INFO]    | Launching shard 0 (1 out of 1)...
2018-01-15 21:38:35 | [INFO]    | Shard 0 : Connected to wss://gateway.discord.gg
2018-01-15 21:38:35 | [INFO]    | Shard 0 : Received HELLO (gateway-prd-main-4tn3)
2018-01-15 21:38:35 | [INFO]    | Shard 0 : Received READY (gateway-prd-main-4tn3, discord-sessions-prd-1-4)
2018-01-15 21:38:57 | [INFO]    | Discordia 2.1.0
2018-01-15 21:38:57 | [INFO]    | Connecting to Discord...
2018-01-15 21:38:58 | [INFO]    | Authenticated as Glitch Bot#7676
2018-01-15 21:38:58 | [INFO]    | Launching shard 0 (1 out of 1)...
2018-01-15 21:38:59 | [INFO]    | Shard 0 : Connected to wss://gateway.discord.gg
2018-01-15 21:38:59 | [INFO]    | Shard 0 : Received HELLO (gateway-prd-main-dwrd)
2018-01-15 21:39:00 | [INFO]    | Shard 0 : Received READY (gateway-prd-main-dwrd, discord-sessions-prd-1-15)
2018-01-15 21:40:35 | [INFO]    | Discordia 2.1.0
2018-01-15 21:40:35 | [INFO]    | Connecting to Discord...
2018-01-15 21:40:36 | [INFO]    | Authenticated as Glitch Bot#7676
2018-01-15 21:40:36 | [INFO]    | Launching shard 0 (1 out of 1)...
2018-01-15 21:40:36 | [INFO]    | Shard 0 : Connected to wss://gateway.discord.gg
2018-01-15 21:40:36 | [INFO]    | Shard 0 : Received HELLO (gateway-prd-main-n2jt)
2018-01-15 21:40:37 | [INFO]    | Shard 0 : Received READY (gateway-prd-main-n2jt, discord-sessions-prd-1-2)
2018-01-15 21:41:28 | [INFO]    | Discordia 2.1.0
2018-01-15 21:41:28 | [INFO]    | Connecting to Discord...
2018-01-15 21:41:28 | [INFO]    | Authenticated as Glitch Bot#7676
2018-01-15 21:41:28 | [INFO]    | Launching shard 0 (1 out of 1)...
2018-01-15 21:41:29 | [INFO]    | Shard 0 : Connected to wss://gateway.discord.gg
2018-01-15 21:41:29 | [INFO]    | Shard 0 : Received HELLO (gateway-prd-main-tkv9)
2018-01-15 21:41:29 | [INFO]    | Shard 0 : Received READY (gateway-prd-main-tkv9, discord-sessions-prd-1-7)
2018-01-15 21:41:56 | [INFO]    | Discordia 2.1.0
2018-01-15 21:41:56 | [INFO]    | Connecting to Discord...
2018-01-15 21:41:56 | [INFO]    | Authenticated as Glitch Bot#7676
2018-01-15 21:41:56 | [INFO]    | Launching shard 0 (1 out of 1)...
2018-01-15 21:41:57 | [INFO]    | Shard 0 : Connected to wss://gateway.discord.gg
2018-01-15 21:41:57 | [INFO]    | Shard 0 : Received HELLO (gateway-prd-main-89hh)
2018-01-15 21:41:58 | [INFO]    | Shard 0 : Received READY (gateway-prd-main-89hh, discord-sessions-prd-1-2)
2018-01-15 21:43:17 | [INFO]    | Discordia 2.1.0
2018-01-15 21:43:17 | [INFO]    | Connecting to Discord...
2018-01-15 21:43:18 | [INFO]    | Authenticated as Glitch Bot#7676
2018-01-15 21:43:18 | [INFO]    | Launching shard 0 (1 out of 1)...
2018-01-15 21:43:19 | [INFO]    | Shard 0 : Connected to wss://gateway.discord.gg
2018-01-15 21:43:19 | [INFO]    | Shard 0 : Received HELLO (gateway-prd-main-51vx)
2018-01-15 21:43:19 | [INFO]    | Shard 0 : Received READY (gateway-prd-main-51vx, discord-sessions-prd-1-16)
2018-01-15 21:45:04 | [INFO]    | Discordia 2.1.0
2018-01-15 21:45:04 | [INFO]    | Connecting to Discord...
2018-01-15 21:45:05 | [INFO]    | Authenticated as Glitch Bot#7676
2018-01-15 21:45:05 | [INFO]    | Launching shard 0 (1 out of 1)...
2018-01-15 21:45:06 | [INFO]    | Shard 0 : Connected to wss://gateway.discord.gg
2018-01-15 21:45:06 | [INFO]    | Shard 0 : Received HELLO (gateway-prd-main-pw70)
2018-01-15 21:45:06 | [INFO]    | Shard 0 : Received READY (gateway-prd-main-pw70, discord-sessions-prd-1-16)
2018-01-15 21:55:14 | [INFO]    | Discordia 2.1.0
2018-01-15 21:55:14 | [INFO]    | Connecting to Discord...
2018-01-15 21:55:14 | [INFO]    | Authenticated as Glitch Bot#7676
2018-01-15 21:55:14 | [INFO]    | Launching shard 0 (1 out of 1)...
2018-01-15 21:55:15 | [INFO]    | Shard 0 : Connected to wss://gateway.discord.gg
2018-01-15 21:55:15 | [INFO]    | Shard 0 : Received HELLO (gateway-prd-main-c4qt)
2018-01-15 21:55:16 | [INFO]    | Shard 0 : Received READY (gateway-prd-main-c4qt, discord-sessions-prd-1-7)
2018-01-15 21:56:15 | [INFO]    | Discordia 2.1.0
2018-01-15 21:56:15 | [INFO]    | Connecting to Discord...
2018-01-15 21:56:16 | [INFO]    | Authenticated as Glitch Bot#7676
2018-01-15 21:56:16 | [INFO]    | Launching shard 0 (1 out of 1)...
2018-01-15 21:56:17 | [INFO]    | Shard 0 : Connected to wss://gateway.discord.gg
2018-01-15 21:56:17 | [INFO]    | Shard 0 : Received HELLO (gateway-prd-main-bmdj)
2018-01-15 21:56:17 | [INFO]    | Shard 0 : Received READY (gateway-prd-main-bmdj, discord-sessions-prd-1-12)
2018-01-15 21:57:52 | [INFO]    | Discordia 2.1.0
2018-01-15 21:57:52 | [INFO]    | Connecting to Discord...
2018-01-15 21:57:52 | [INFO]    | Authenticated as Glitch Bot#7676
2018-01-15 21:57:52 | [INFO]    | Launching shard 0 (1 out of 1)...
2018-01-15 21:57:53 | [INFO]    | Shard 0 : Connected to wss://gateway.discord.gg
2018-01-15 21:57:53 | [INFO]    | Shard 0 : Received HELLO (gateway-prd-main-6455)
2018-01-15 21:57:53 | [INFO]    | Shard 0 : Received READY (gateway-prd-main-6455, discord-sessions-prd-1-9)
2018-01-15 21:59:51 | [INFO]    | Discordia 2.1.0
2018-01-15 21:59:51 | [INFO]    | Connecting to Discord...
2018-01-15 21:59:52 | [INFO]    | Authenticated as Glitch Bot#7676
2018-01-15 21:59:52 | [INFO]    | Launching shard 0 (1 out of 1)...
2018-01-15 21:59:52 | [INFO]    | Shard 0 : Connected to wss://gateway.discord.gg
2018-01-15 21:59:52 | [INFO]    | Shard 0 : Received HELLO (gateway-prd-main-tkv9)
2018-01-15 21:59:52 | [INFO]    | Shard 0 : Received READY (gateway-prd-main-tkv9, discord-sessions-prd-1-16)
2018-01-15 22:01:16 | [INFO]    | Discordia 2.1.0
2018-01-15 22:01:16 | [INFO]    | Connecting to Discord...
2018-01-15 22:01:17 | [INFO]    | Authenticated as Glitch Bot#7676
2018-01-15 22:01:17 | [INFO]    | Launching shard 0 (1 out of 1)...
2018-01-15 22:01:17 | [INFO]    | Shard 0 : Connected to wss://gateway.discord.gg
2018-01-15 22:01:17 | [INFO]    | Shard 0 : Received HELLO (gateway-prd-main-51vx)
2018-01-15 22:01:17 | [INFO]    | Shard 0 : Received READY (gateway-prd-main-51vx, discord-sessions-prd-1-6)
2018-01-15 22:01:34 | [INFO]    | Discordia 2.1.0
2018-01-15 22:01:34 | [INFO]    | Connecting to Discord...
2018-01-15 22:01:34 | [INFO]    | Authenticated as Glitch Bot#7676
2018-01-15 22:01:34 | [INFO]    | Launching shard 0 (1 out of 1)...
2018-01-15 22:01:35 | [INFO]    | Shard 0 : Connected to wss://gateway.discord.gg
2018-01-15 22:01:35 | [INFO]    | Shard 0 : Received HELLO (gateway-prd-main-nxq9)
2018-01-15 22:01:35 | [INFO]    | Shard 0 : Received READY (gateway-prd-main-nxq9, discord-sessions-prd-1-13)
2018-01-15 22:01:39 | [ERROR]   | 400 - BAD REQUEST : PUT https://discordapp.com/api/v7/guilds/340438671285026817/members/102956993060274176/roles/nil
2018-01-15 22:01:40 | [ERROR]   | 400 - BAD REQUEST : PUT https://discordapp.com/api/v7/guilds/340438671285026817/members/102956993060274176/roles/nil
2018-01-15 22:01:40 | [ERROR]   | 400 - BAD REQUEST : PUT https://discordapp.com/api/v7/guilds/340438671285026817/members/102956993060274176/roles/nil
2018-01-15 22:01:41 | [ERROR]   | 400 - BAD REQUEST : PUT https://discordapp.com/api/v7/guilds/340438671285026817/members/102956993060274176/roles/nil
2018-01-15 22:01:41 | [ERROR]   | 400 - BAD REQUEST : PUT https://discordapp.com/api/v7/guilds/340438671285026817/members/102956993060274176/roles/nil
2018-01-15 22:01:42 | [ERROR]   | 400 - BAD REQUEST : PUT https://discordapp.com/api/v7/guilds/340438671285026817/members/102956993060274176/roles/nil
2018-01-15 22:01:42 | [ERROR]   | 400 - BAD REQUEST : PUT https://discordapp.com/api/v7/guilds/340438671285026817/members/102956993060274176/roles/nil
2018-01-15 22:01:43 | [ERROR]   | 400 - BAD REQUEST : PUT https://discordapp.com/api/v7/guilds/340438671285026817/members/102956993060274176/roles/nil
2018-01-15 22:01:44 | [ERROR]   | 400 - BAD REQUEST : PUT https://discordapp.com/api/v7/guilds/340438671285026817/members/102956993060274176/roles/nil
2018-01-15 22:01:44 | [ERROR]   | 400 - BAD REQUEST : PUT https://discordapp.com/api/v7/guilds/340438671285026817/members/102956993060274176/roles/nil
2018-01-15 22:01:50 | [ERROR]   | 400 - BAD REQUEST : PUT https://discordapp.com/api/v7/guilds/340438671285026817/members/102956993060274176/roles/nil
2018-01-15 22:01:51 | [ERROR]   | 400 - BAD REQUEST : PUT https://discordapp.com/api/v7/guilds/340438671285026817/members/102956993060274176/roles/nil
2018-01-15 22:04:41 | [INFO]    | Discordia 2.1.0
2018-01-15 22:04:41 | [INFO]    | Connecting to Discord...
2018-01-15 22:04:41 | [INFO]    | Authenticated as Glitch Bot#7676
2018-01-15 22:04:41 | [INFO]    | Launching shard 0 (1 out of 1)...
2018-01-15 22:04:42 | [INFO]    | Shard 0 : Connected to wss://gateway.discord.gg
2018-01-15 22:04:42 | [INFO]    | Shard 0 : Received HELLO (gateway-prd-main-tkv9)
2018-01-15 22:04:42 | [INFO]    | Shard 0 : Received READY (gateway-prd-main-tkv9, discord-sessions-prd-1-15)
2018-01-15 22:04:52 | [ERROR]   | 400 - BAD REQUEST : PUT https://discordapp.com/api/v7/guilds/340438671285026817/members/102956993060274176/roles/nil
2018-01-15 22:04:53 | [ERROR]   | 400 - BAD REQUEST : PUT https://discordapp.com/api/v7/guilds/340438671285026817/members/102956993060274176/roles/nil
2018-01-15 22:04:53 | [ERROR]   | 400 - BAD REQUEST : PUT https://discordapp.com/api/v7/guilds/340438671285026817/members/102956993060274176/roles/nil
2018-01-15 22:04:54 | [ERROR]   | 400 - BAD REQUEST : PUT https://discordapp.com/api/v7/guilds/340438671285026817/members/102956993060274176/roles/nil
2018-01-15 22:04:55 | [ERROR]   | 400 - BAD REQUEST : PUT https://discordapp.com/api/v7/guilds/340438671285026817/members/102956993060274176/roles/nil
2018-01-15 22:04:55 | [ERROR]   | 400 - BAD REQUEST : PUT https://discordapp.com/api/v7/guilds/340438671285026817/members/102956993060274176/roles/nil
2018-01-15 22:04:56 | [ERROR]   | 400 - BAD REQUEST : PUT https://discordapp.com/api/v7/guilds/340438671285026817/members/102956993060274176/roles/nil
2018-01-15 22:04:56 | [ERROR]   | 400 - BAD REQUEST : PUT https://discordapp.com/api/v7/guilds/340438671285026817/members/102956993060274176/roles/nil
2018-01-15 22:04:57 | [ERROR]   | 400 - BAD REQUEST : PUT https://discordapp.com/api/v7/guilds/340438671285026817/members/102956993060274176/roles/nil
2018-01-15 22:04:57 | [ERROR]   | 400 - BAD REQUEST : PUT https://discordapp.com/api/v7/guilds/340438671285026817/members/102956993060274176/roles/nil
2018-01-15 22:05:26 | [INFO]    | Discordia 2.1.0
2018-01-15 22:05:26 | [INFO]    | Connecting to Discord...
2018-01-15 22:05:27 | [INFO]    | Authenticated as Glitch Bot#7676
2018-01-15 22:05:27 | [INFO]    | Launching shard 0 (1 out of 1)...
2018-01-15 22:05:27 | [INFO]    | Shard 0 : Connected to wss://gateway.discord.gg
2018-01-15 22:05:27 | [INFO]    | Shard 0 : Received HELLO (gateway-prd-main-51vx)
2018-01-15 22:05:28 | [INFO]    | Shard 0 : Received READY (gateway-prd-main-51vx, discord-sessions-prd-1-10)
2018-01-15 22:07:14 | [INFO]    | Discordia 2.1.0
2018-01-15 22:07:14 | [INFO]    | Connecting to Discord...
2018-01-15 22:07:15 | [INFO]    | Authenticated as Glitch Bot#7676
2018-01-15 22:07:15 | [INFO]    | Launching shard 0 (1 out of 1)...
2018-01-15 22:07:15 | [INFO]    | Shard 0 : Connected to wss://gateway.discord.gg
2018-01-15 22:07:15 | [INFO]    | Shard 0 : Received HELLO (gateway-prd-main-tzxn)
2018-01-15 22:07:15 | [INFO]    | Shard 0 : Received READY (gateway-prd-main-tzxn, discord-sessions-prd-1-16)
2018-01-15 22:07:40 | [INFO]    | Discordia 2.1.0
2018-01-15 22:07:40 | [INFO]    | Connecting to Discord...
2018-01-15 22:07:41 | [INFO]    | Authenticated as Glitch Bot#7676
2018-01-15 22:07:41 | [INFO]    | Launching shard 0 (1 out of 1)...
2018-01-15 22:07:41 | [INFO]    | Shard 0 : Connected to wss://gateway.discord.gg
2018-01-15 22:07:41 | [INFO]    | Shard 0 : Received HELLO (gateway-prd-main-xhgl)
2018-01-15 22:07:42 | [INFO]    | Shard 0 : Received READY (gateway-prd-main-xhgl, discord-sessions-prd-1-14)
2018-01-15 22:08:10 | [INFO]    | Discordia 2.1.0
2018-01-15 22:08:10 | [INFO]    | Connecting to Discord...
2018-01-15 22:08:11 | [INFO]    | Authenticated as Glitch Bot#7676
2018-01-15 22:08:11 | [INFO]    | Launching shard 0 (1 out of 1)...
2018-01-15 22:08:11 | [INFO]    | Shard 0 : Connected to wss://gateway.discord.gg
2018-01-15 22:08:11 | [INFO]    | Shard 0 : Received HELLO (gateway-prd-main-pw70)
2018-01-15 22:08:12 | [INFO]    | Shard 0 : Received READY (gateway-prd-main-pw70, discord-sessions-prd-1-13)
2018-01-15 22:08:35 | [INFO]    | Discordia 2.1.0
2018-01-15 22:08:35 | [INFO]    | Connecting to Discord...
2018-01-15 22:08:36 | [INFO]    | Authenticated as Glitch Bot#7676
2018-01-15 22:08:36 | [INFO]    | Launching shard 0 (1 out of 1)...
2018-01-15 22:08:36 | [INFO]    | Shard 0 : Connected to wss://gateway.discord.gg
2018-01-15 22:08:36 | [INFO]    | Shard 0 : Received HELLO (gateway-prd-main-5dq4)
2018-01-15 22:08:37 | [INFO]    | Shard 0 : Received READY (gateway-prd-main-5dq4, discord-sessions-prd-1-16)
2018-01-15 22:09:01 | [INFO]    | Discordia 2.1.0
2018-01-15 22:09:01 | [INFO]    | Connecting to Discord...
2018-01-15 22:09:01 | [INFO]    | Authenticated as Glitch Bot#7676
2018-01-15 22:09:01 | [INFO]    | Launching shard 0 (1 out of 1)...
2018-01-15 22:09:02 | [INFO]    | Shard 0 : Connected to wss://gateway.discord.gg
2018-01-15 22:09:02 | [INFO]    | Shard 0 : Received HELLO (gateway-prd-main-6455)
2018-01-15 22:09:02 | [INFO]    | Shard 0 : Received READY (gateway-prd-main-6455, discord-sessions-prd-1-10)
2018-01-15 22:09:29 | [INFO]    | Discordia 2.1.0
2018-01-15 22:09:29 | [INFO]    | Connecting to Discord...
2018-01-15 22:09:29 | [INFO]    | Authenticated as Glitch Bot#7676
2018-01-15 22:09:29 | [INFO]    | Launching shard 0 (1 out of 1)...
2018-01-15 22:09:30 | [INFO]    | Shard 0 : Connected to wss://gateway.discord.gg
2018-01-15 22:09:30 | [INFO]    | Shard 0 : Received HELLO (gateway-prd-main-k2tm)
2018-01-15 22:09:30 | [INFO]    | Shard 0 : Received READY (gateway-prd-main-k2tm, discord-sessions-prd-1-2)
2018-01-15 22:11:03 | [INFO]    | Discordia 2.1.0
2018-01-15 22:11:03 | [INFO]    | Connecting to Discord...
2018-01-15 22:11:04 | [INFO]    | Authenticated as Glitch Bot#7676
2018-01-15 22:11:04 | [INFO]    | Launching shard 0 (1 out of 1)...
2018-01-15 22:11:04 | [INFO]    | Shard 0 : Connected to wss://gateway.discord.gg
2018-01-15 22:11:04 | [INFO]    | Shard 0 : Received HELLO (gateway-prd-main-0tmv)
2018-01-15 22:11:05 | [INFO]    | Shard 0 : Received READY (gateway-prd-main-0tmv, discord-sessions-prd-1-6)
2018-01-15 22:12:40 | [INFO]    | Discordia 2.1.0
2018-01-15 22:12:40 | [INFO]    | Connecting to Discord...
2018-01-15 22:12:41 | [INFO]    | Authenticated as Glitch Bot#7676
2018-01-15 22:12:41 | [INFO]    | Launching shard 0 (1 out of 1)...
2018-01-15 22:12:41 | [INFO]    | Shard 0 : Connected to wss://gateway.discord.gg
2018-01-15 22:12:41 | [INFO]    | Shard 0 : Received HELLO (gateway-prd-main-ccvx)
2018-01-15 22:12:41 | [INFO]    | Shard 0 : Received READY (gateway-prd-main-ccvx, discord-sessions-prd-1-7)
2018-01-15 22:13:12 | [INFO]    | Discordia 2.1.0
2018-01-15 22:13:12 | [INFO]    | Connecting to Discord...
2018-01-15 22:13:13 | [INFO]    | Authenticated as Glitch Bot#7676
2018-01-15 22:13:13 | [INFO]    | Launching shard 0 (1 out of 1)...
2018-01-15 22:13:14 | [INFO]    | Shard 0 : Connected to wss://gateway.discord.gg
2018-01-15 22:13:14 | [INFO]    | Shard 0 : Received HELLO (gateway-prd-main-jlqt)
2018-01-15 22:13:14 | [INFO]    | Shard 0 : Received READY (gateway-prd-main-jlqt, discord-sessions-prd-1-13)
2018-01-15 22:16:42 | [INFO]    | Discordia 2.1.0
2018-01-15 22:16:42 | [INFO]    | Connecting to Discord...
2018-01-15 22:16:43 | [INFO]    | Authenticated as Overlord#4706
2018-01-15 22:16:43 | [INFO]    | Launching shard 0 (1 out of 1)...
2018-01-15 22:16:44 | [INFO]    | Shard 0 : Connected to wss://gateway.discord.gg
2018-01-15 22:16:44 | [INFO]    | Shard 0 : Received HELLO (gateway-prd-main-0tmv)
2018-01-15 22:16:44 | [INFO]    | Shard 0 : Received READY (gateway-prd-main-0tmv, discord-sessions-prd-1-3)
2018-01-15 22:23:10 | [INFO]    | Discordia 2.1.0
2018-01-15 22:23:10 | [INFO]    | Connecting to Discord...
2018-01-15 22:23:11 | [INFO]    | Authenticated as Overlord#4706
2018-01-15 22:23:11 | [INFO]    | Launching shard 0 (1 out of 1)...
2018-01-15 22:23:11 | [INFO]    | Shard 0 : Connected to wss://gateway.discord.gg
2018-01-15 22:23:11 | [INFO]    | Shard 0 : Received HELLO (gateway-prd-main-6txr)
2018-01-15 22:23:12 | [INFO]    | Shard 0 : Received READY (gateway-prd-main-6txr, discord-sessions-prd-1-3)
2018-01-15 22:31:00 | [INFO]    | Discordia 2.1.0
2018-01-15 22:31:00 | [INFO]    | Connecting to Discord...
2018-01-15 22:31:01 | [INFO]    | Authenticated as Overlord#4706
2018-01-15 22:31:01 | [INFO]    | Launching shard 0 (1 out of 1)...
2018-01-15 22:31:01 | [INFO]    | Shard 0 : Connected to wss://gateway.discord.gg
2018-01-15 22:31:01 | [INFO]    | Shard 0 : Received HELLO (gateway-prd-main-c4qt)
2018-01-15 22:31:01 | [INFO]    | Shard 0 : Received READY (gateway-prd-main-c4qt, discord-sessions-prd-1-3)
2018-01-15 22:33:24 | [INFO]    | Discordia 2.1.0
2018-01-15 22:33:24 | [INFO]    | Connecting to Discord...
2018-01-15 22:33:25 | [INFO]    | Authenticated as Overlord#4706
2018-01-15 22:33:25 | [INFO]    | Launching shard 0 (1 out of 1)...
2018-01-15 22:33:25 | [INFO]    | Shard 0 : Connected to wss://gateway.discord.gg
2018-01-15 22:33:25 | [INFO]    | Shard 0 : Received HELLO (gateway-prd-main-fq0b)
2018-01-15 22:33:25 | [INFO]    | Shard 0 : Received READY (gateway-prd-main-fq0b, discord-sessions-prd-1-14)
2018-01-15 22:34:07 | [INFO]    | Discordia 2.1.0
2018-01-15 22:34:07 | [INFO]    | Connecting to Discord...
2018-01-15 22:34:07 | [INFO]    | Authenticated as Overlord#4706
2018-01-15 22:34:07 | [INFO]    | Launching shard 0 (1 out of 1)...
2018-01-15 22:34:08 | [INFO]    | Shard 0 : Connected to wss://gateway.discord.gg
2018-01-15 22:34:08 | [INFO]    | Shard 0 : Received HELLO (gateway-prd-main-nxq9)
2018-01-15 22:34:08 | [INFO]    | Shard 0 : Received READY (gateway-prd-main-nxq9, discord-sessions-prd-1-3)
2018-01-15 22:41:26 | [INFO]    | Discordia 2.1.0
2018-01-15 22:41:26 | [INFO]    | Connecting to Discord...
2018-01-15 22:41:27 | [INFO]    | Authenticated as Overlord#4706
2018-01-15 22:41:27 | [INFO]    | Launching shard 0 (1 out of 1)...
2018-01-15 22:41:27 | [INFO]    | Shard 0 : Connected to wss://gateway.discord.gg
2018-01-15 22:41:27 | [INFO]    | Shard 0 : Received HELLO (gateway-prd-main-1fx3)
2018-01-15 22:41:28 | [INFO]    | Shard 0 : Received READY (gateway-prd-main-1fx3, discord-sessions-prd-1-6)
2018-01-15 22:42:00 | [INFO]    | Discordia 2.1.0
2018-01-15 22:42:00 | [INFO]    | Connecting to Discord...
2018-01-15 22:42:01 | [INFO]    | Authenticated as Overlord#4706
2018-01-15 22:42:01 | [INFO]    | Launching shard 0 (1 out of 1)...
2018-01-15 22:42:01 | [INFO]    | Shard 0 : Connected to wss://gateway.discord.gg
2018-01-15 22:42:01 | [INFO]    | Shard 0 : Received HELLO (gateway-prd-main-pw70)
2018-01-15 22:42:01 | [INFO]    | Shard 0 : Received READY (gateway-prd-main-pw70, discord-sessions-prd-1-11)
2018-01-15 22:42:58 | [INFO]    | Discordia 2.1.0
2018-01-15 22:42:58 | [INFO]    | Connecting to Discord...
2018-01-15 22:42:58 | [INFO]    | Authenticated as Overlord#4706
2018-01-15 22:42:58 | [INFO]    | Launching shard 0 (1 out of 1)...
2018-01-15 22:42:59 | [INFO]    | Shard 0 : Connected to wss://gateway.discord.gg
2018-01-15 22:42:59 | [INFO]    | Shard 0 : Received HELLO (gateway-prd-main-ccvx)
2018-01-15 22:42:59 | [INFO]    | Shard 0 : Received READY (gateway-prd-main-ccvx, discord-sessions-prd-1-15)
2018-01-15 22:43:31 | [INFO]    | Discordia 2.1.0
2018-01-15 22:43:31 | [INFO]    | Connecting to Discord...
2018-01-15 22:43:31 | [INFO]    | Authenticated as Overlord#4706
2018-01-15 22:43:31 | [INFO]    | Launching shard 0 (1 out of 1)...
2018-01-15 22:43:32 | [INFO]    | Shard 0 : Connected to wss://gateway.discord.gg
2018-01-15 22:43:32 | [INFO]    | Shard 0 : Received HELLO (gateway-prd-main-tzxn)
2018-01-15 22:43:32 | [INFO]    | Shard 0 : Received READY (gateway-prd-main-tzxn, discord-sessions-prd-1-10)
2018-01-15 22:43:58 | [INFO]    | Discordia 2.1.0
2018-01-15 22:43:58 | [INFO]    | Connecting to Discord...
2018-01-15 22:43:58 | [INFO]    | Authenticated as Overlord#4706
2018-01-15 22:43:58 | [INFO]    | Launching shard 0 (1 out of 1)...
2018-01-15 22:43:58 | [INFO]    | Shard 0 : Connected to wss://gateway.discord.gg
2018-01-15 22:43:58 | [INFO]    | Shard 0 : Received HELLO (gateway-prd-main-qpf9)
2018-01-15 22:43:59 | [INFO]    | Shard 0 : Received READY (gateway-prd-main-qpf9, discord-sessions-prd-1-13)
2018-01-15 22:44:41 | [INFO]    | Discordia 2.1.0
2018-01-15 22:44:41 | [INFO]    | Connecting to Discord...
2018-01-15 22:44:42 | [INFO]    | Authenticated as Overlord#4706
2018-01-15 22:44:42 | [INFO]    | Launching shard 0 (1 out of 1)...
2018-01-15 22:44:42 | [INFO]    | Shard 0 : Connected to wss://gateway.discord.gg
2018-01-15 22:44:42 | [INFO]    | Shard 0 : Received HELLO (gateway-prd-main-bmdj)
2018-01-15 22:44:43 | [INFO]    | Shard 0 : Received READY (gateway-prd-main-bmdj, discord-sessions-prd-1-13)
2018-01-15 22:46:27 | [INFO]    | Discordia 2.1.0
2018-01-15 22:46:27 | [INFO]    | Connecting to Discord...
2018-01-15 22:46:28 | [INFO]    | Authenticated as Overlord#4706
2018-01-15 22:46:28 | [INFO]    | Launching shard 0 (1 out of 1)...
2018-01-15 22:46:28 | [INFO]    | Shard 0 : Connected to wss://gateway.discord.gg
2018-01-15 22:46:28 | [INFO]    | Shard 0 : Received HELLO (gateway-prd-main-czgb)
2018-01-15 22:46:28 | [INFO]    | Shard 0 : Received READY (gateway-prd-main-czgb, discord-sessions-prd-1-5)
2018-01-15 23:19:01 | [INFO]    | Discordia 2.2.0
2018-01-15 23:19:01 | [INFO]    | Connecting to Discord...
2018-01-15 23:19:01 | [INFO]    | Authenticated as Overlord#4706
2018-01-15 23:19:02 | [INFO]    | Launching shard 0 (1 out of 1)...
2018-01-15 23:19:02 | [INFO]    | Shard 0 : Connected to wss://gateway.discord.gg
2018-01-15 23:19:02 | [INFO]    | Shard 0 : Received HELLO (gateway-prd-main-czgb)
2018-01-15 23:19:03 | [INFO]    | Shard 0 : Received READY (gateway-prd-main-czgb, discord-sessions-prd-1-13)
2018-01-15 23:28:07 | [INFO]    | Discordia 2.2.0
2018-01-15 23:28:07 | [INFO]    | Connecting to Discord...
2018-01-15 23:28:08 | [INFO]    | Authenticated as Overlord#4706
2018-01-15 23:28:08 | [INFO]    | Launching shard 0 (1 out of 1)...
2018-01-15 23:28:08 | [INFO]    | Shard 0 : Connected to wss://gateway.discord.gg
2018-01-15 23:28:08 | [INFO]    | Shard 0 : Received HELLO (gateway-prd-main-vqfq)
2018-01-15 23:28:08 | [INFO]    | Shard 0 : Received READY (gateway-prd-main-vqfq, discord-sessions-prd-1-13)
